\BOOKMARK [1][-]{section.1}{\376\377\000S\000Q\000L\000\040\000f\000o\000r\000\040\000D\000a\000t\000a\000\040\000M\000a\000n\000i\000p\000u\000l\000a\000t\000i\000o\000n}{}% 1
\BOOKMARK [2][-]{subsection.1.1}{\376\377\000I\000n\000t\000r\000o\000d\000u\000c\000t\000i\000o\000n\000\040\000t\000o\000\040\000D\000a\000t\000a\000b\000a\000s\000e\000s}{section.1}% 2
\BOOKMARK [3][-]{subsubsection*.1}{\376\377\000W\000h\000a\000t\000\040\000i\000s\000\040\000S\000Q\000L\000?}{subsection.1.1}% 3
\BOOKMARK [3][-]{subsubsection*.2}{\376\377\000W\000h\000a\000t\000\040\000i\000s\000\040\000D\000a\000t\000a\000?}{subsection.1.1}% 4
\BOOKMARK [3][-]{subsubsection*.3}{\376\377\000W\000h\000a\000t\000\040\000i\000s\000\040\000a\000\040\000D\000a\000t\000a\000b\000a\000s\000e\000?}{subsection.1.1}% 5
\BOOKMARK [3][-]{subsubsection*.4}{\376\377\000R\000e\000l\000a\000t\000i\000o\000n\000a\000l\000\040\000D\000a\000t\000a\000b\000a\000s\000e\000\040\000M\000a\000n\000a\000g\000e\000m\000e\000n\000t\000\040\000S\000y\000s\000t\000e\000m\000s\000\040\000\050\000R\000D\000B\000M\000S\000\051}{subsection.1.1}% 6
\BOOKMARK [3][-]{subsubsection*.6}{\376\377\000B\000a\000s\000i\000c\000\040\000S\000Q\000L\000\040\000C\000o\000m\000m\000a\000n\000d\000s}{subsection.1.1}% 7
\BOOKMARK [2][-]{subsection.1.2}{\376\377\000S\000E\000L\000E\000C\000T\000\040\000S\000t\000a\000t\000e\000m\000e\000n\000t}{section.1}% 8
\BOOKMARK [3][-]{subsubsection*.7}{\376\377\000I\000n\000t\000r\000o\000d\000u\000c\000t\000i\000o\000n}{subsection.1.2}% 9
\BOOKMARK [3][-]{subsubsection*.8}{\376\377\000G\000e\000n\000e\000r\000a\000l\000\040\000F\000o\000r\000m\000\040\000o\000f\000\040\000S\000E\000L\000E\000C\000T}{subsection.1.2}% 10
\BOOKMARK [3][-]{subsubsection*.10}{\376\377\000C\000o\000m\000p\000a\000r\000i\000s\000o\000n\000\040\000O\000p\000e\000r\000a\000t\000o\000r\000s}{subsection.1.2}% 11
\BOOKMARK [3][-]{subsubsection*.11}{\376\377\000P\000a\000t\000t\000e\000r\000n\000\040\000M\000a\000t\000c\000h\000i\000n\000g\000\040\000w\000i\000t\000h\000\040\000L\000I\000K\000E}{subsection.1.2}% 12
\BOOKMARK [3][-]{subsubsection*.13}{\376\377\000U\000s\000i\000n\000g\000\040\000R\000a\000n\000g\000e\000s\000\040\000w\000i\000t\000h\000\040\000B\000E\000T\000W\000E\000E\000N}{subsection.1.2}% 13
\BOOKMARK [3][-]{subsubsection*.15}{\376\377\000U\000s\000i\000n\000g\000\040\000S\000e\000t\000s\000\040\000o\000f\000\040\000V\000a\000l\000u\000e\000s\000\040\000w\000i\000t\000h\000\040\000I\000N}{subsection.1.2}% 14
\BOOKMARK [3][-]{subsubsection*.17}{\376\377\000C\000o\000m\000b\000i\000n\000i\000n\000g\000\040\000C\000o\000n\000d\000i\000t\000i\000o\000n\000s\000\040\000w\000i\000t\000h\000\040\000A\000N\000D\000\040\000a\000n\000d\000\040\000O\000R}{subsection.1.2}% 15
\BOOKMARK [3][-]{subsubsection*.19}{\376\377\000S\000o\000r\000t\000i\000n\000g\000\040\000R\000e\000s\000u\000l\000t\000s\000\040\000w\000i\000t\000h\000\040\000O\000R\000D\000E\000R\000\040\000B\000Y}{subsection.1.2}% 16
\BOOKMARK [2][-]{subsection.1.3}{\376\377\000C\000O\000U\000N\000T\000,\000\040\000D\000I\000S\000T\000I\000N\000C\000T\000,\000\040\000L\000I\000M\000I\000T\000,\000\040\000O\000F\000F\000S\000E\000T}{section.1}% 17
\BOOKMARK [3][-]{subsubsection*.21}{\376\377\000C\000O\000U\000N\000T}{subsection.1.3}% 18
\BOOKMARK [3][-]{subsubsection*.23}{\376\377\000D\000I\000S\000T\000I\000N\000C\000T}{subsection.1.3}% 19
\BOOKMARK [3][-]{subsubsection*.25}{\376\377\000L\000I\000M\000I\000T}{subsection.1.3}% 20
\BOOKMARK [3][-]{subsubsection*.27}{\376\377\000O\000F\000F\000S\000E\000T}{subsection.1.3}% 21
\BOOKMARK [2][-]{subsection.1.4}{\376\377\000G\000r\000o\000u\000p\000i\000n\000g\000\040\000a\000n\000d\000\040\000A\000g\000g\000r\000e\000g\000a\000t\000i\000n\000g\000\040\000S\000E\000L\000E\000C\000T\000\040\000R\000e\000s\000u\000l\000t\000s}{section.1}% 22
\BOOKMARK [3][-]{subsubsection*.29}{\376\377\000I\000n\000t\000r\000o\000d\000u\000c\000t\000i\000o\000n}{subsection.1.4}% 23
\BOOKMARK [3][-]{subsubsection*.30}{\376\377\000E\000l\000i\000m\000i\000n\000a\000t\000i\000n\000g\000\040\000D\000u\000p\000l\000i\000c\000a\000t\000e\000s\000\040\000w\000i\000t\000h\000\040\000D\000I\000S\000T\000I\000N\000C\000T}{subsection.1.4}% 24
\BOOKMARK [3][-]{subsubsection*.32}{\376\377\000G\000r\000o\000u\000p\000i\000n\000g\000\040\000D\000a\000t\000a\000\040\000w\000i\000t\000h\000\040\000G\000R\000O\000U\000P\000\040\000B\000Y}{subsection.1.4}% 25
\BOOKMARK [3][-]{subsubsection*.34}{\376\377\000R\000e\000n\000a\000m\000i\000n\000g\000\040\000C\000o\000l\000u\000m\000n\000s\000\040\000w\000i\000t\000h\000\040\000A\000S}{subsection.1.4}% 26
\BOOKMARK [3][-]{subsubsection*.36}{\376\377\000F\000i\000l\000t\000e\000r\000i\000n\000g\000\040\000G\000r\000o\000u\000p\000s\000\040\000w\000i\000t\000h\000\040\000H\000A\000V\000I\000N\000G}{subsection.1.4}% 27
\BOOKMARK [2][-]{subsection.1.5}{\376\377\000I\000N\000S\000E\000R\000T\000\040\000S\000t\000a\000t\000e\000m\000e\000n\000t}{section.1}% 28
\BOOKMARK [3][-]{subsubsection*.38}{\376\377\000I\000n\000t\000r\000o\000d\000u\000c\000t\000i\000o\000n}{subsection.1.5}% 29
\BOOKMARK [3][-]{subsubsection*.39}{\376\377\000G\000e\000n\000e\000r\000a\000l\000\040\000F\000o\000r\000m\000\040\000o\000f\000\040\000I\000N\000S\000E\000R\000T}{subsection.1.5}% 30
\BOOKMARK [2][-]{subsection.1.6}{\376\377\000U\000P\000D\000A\000T\000E\000\040\000a\000n\000d\000\040\000D\000E\000L\000E\000T\000E\000\040\000S\000t\000a\000t\000e\000m\000e\000n\000t\000s}{section.1}% 31
\BOOKMARK [3][-]{subsubsection*.42}{\376\377\000I\000n\000t\000r\000o\000d\000u\000c\000t\000i\000o\000n}{subsection.1.6}% 32
\BOOKMARK [3][-]{subsubsection*.43}{\376\377\000G\000e\000n\000e\000r\000a\000l\000\040\000F\000o\000r\000m\000\040\000o\000f\000\040\000U\000P\000D\000A\000T\000E}{subsection.1.6}% 33
\BOOKMARK [3][-]{subsubsection*.45}{\376\377\000G\000e\000n\000e\000r\000a\000l\000\040\000F\000o\000r\000m\000\040\000o\000f\000\040\000D\000E\000L\000E\000T\000E}{subsection.1.6}% 34
\BOOKMARK [1][-]{section.2}{\376\377\000F\000u\000n\000c\000t\000i\000o\000n\000s\000,\000\040\000M\000u\000l\000t\000i\000p\000l\000e\000\040\000T\000a\000b\000l\000e\000s\000\040\000a\000n\000d\000\040\000S\000u\000b\000-\000q\000u\000e\000r\000i\000e\000s}{}% 35
\BOOKMARK [2][-]{subsection.2.1}{\376\377\000I\000n\000t\000r\000o\000d\000u\000c\000t\000i\000o\000n}{section.2}% 36
\BOOKMARK [2][-]{subsection.2.2}{\376\377\000A\000g\000g\000r\000e\000g\000a\000t\000e\000\040\000F\000u\000n\000c\000t\000i\000o\000n\000s}{section.2}% 37
\BOOKMARK [2][-]{subsection.2.3}{\376\377\000S\000c\000a\000l\000a\000r\000\040\000F\000u\000n\000c\000t\000i\000o\000n\000s}{section.2}% 38
\BOOKMARK [2][-]{subsection.2.4}{\376\377\000S\000t\000r\000i\000n\000g\000\040\000F\000u\000n\000c\000t\000i\000o\000n\000s}{section.2}% 39
\BOOKMARK [2][-]{subsection.2.5}{\376\377\000D\000a\000t\000e\000\040\000a\000n\000d\000\040\000T\000i\000m\000e\000\040\000F\000u\000n\000c\000t\000i\000o\000n\000s}{section.2}% 40
\BOOKMARK [3][-]{subsubsection*.55}{\376\377\000I\000n\000t\000r\000o\000d\000u\000c\000t\000i\000o\000n}{subsection.2.5}% 41
\BOOKMARK [3][-]{subsubsection*.56}{\376\377\000E\000x\000t\000r\000a\000c\000t\000i\000n\000g\000\040\000D\000a\000t\000e\000\040\000a\000n\000d\000\040\000T\000i\000m\000e\000\040\000C\000o\000m\000p\000o\000n\000e\000n\000t\000s}{subsection.2.5}% 42
\BOOKMARK [3][-]{subsubsection*.58}{\376\377\000D\000a\000t\000e\000\040\000a\000n\000d\000\040\000T\000i\000m\000e\000\040\000A\000r\000i\000t\000h\000m\000e\000t\000i\000c}{subsection.2.5}% 43
\BOOKMARK [2][-]{subsection.2.6}{\376\377\000S\000u\000b\000q\000u\000e\000r\000i\000e\000s\000\040\000\050\000N\000e\000s\000t\000e\000d\000\040\000S\000E\000L\000E\000C\000T\000\040\000S\000t\000a\000t\000e\000m\000e\000n\000t\000s\000\051}{section.2}% 44
\BOOKMARK [3][-]{subsubsection*.62}{\376\377\000S\000u\000b\000q\000u\000e\000r\000y\000\040\000i\000n\000\040\000t\000h\000e\000\040\000W\000H\000E\000R\000E\000\040\000C\000l\000a\000u\000s\000e}{subsection.2.6}% 45
\BOOKMARK [3][-]{subsubsection*.64}{\376\377\000S\000u\000b\000q\000u\000e\000r\000y\000\040\000i\000n\000\040\000t\000h\000e\000\040\000S\000E\000L\000E\000C\000T\000\040\000L\000i\000s\000t\000\040\000\050\000C\000o\000l\000u\000m\000n\000\040\000E\000x\000p\000r\000e\000s\000s\000i\000o\000n\000\051}{subsection.2.6}% 46
\BOOKMARK [3][-]{subsubsection*.66}{\376\377\000S\000u\000b\000q\000u\000e\000r\000y\000\040\000i\000n\000\040\000t\000h\000e\000\040\000F\000R\000O\000M\000\040\000C\000l\000a\000u\000s\000e\000\040\000\050\000D\000e\000r\000i\000v\000e\000d\000\040\000T\000a\000b\000l\000e\000\051}{subsection.2.6}% 47
\BOOKMARK [2][-]{subsection.2.7}{\376\377\000A\000c\000c\000e\000s\000s\000i\000n\000g\000\040\000M\000u\000l\000t\000i\000p\000l\000e\000\040\000T\000a\000b\000l\000e\000s\000:\000\040\000U\000s\000i\000n\000g\000\040\000S\000u\000b\000q\000u\000e\000r\000i\000e\000s\000\040\000w\000i\000t\000h\000\040\000M\000u\000l\000t\000i\000p\000l\000e\000\040\000T\000a\000b\000l\000e\000s}{section.2}% 48
\BOOKMARK [2][-]{subsection.2.8}{\376\377\000A\000c\000c\000e\000s\000s\000i\000n\000g\000\040\000M\000u\000l\000t\000i\000p\000l\000e\000\040\000T\000a\000b\000l\000e\000s\000:\000\040\000I\000m\000p\000l\000i\000c\000i\000t\000\040\000J\000o\000i\000n\000s\000\040\000\050\000M\000u\000l\000t\000i\000p\000l\000e\000\040\000T\000a\000b\000l\000e\000s\000\040\000i\000n\000\040\000F\000R\000O\000M\000\040\000C\000l\000a\000u\000s\000e\000\051}{section.2}% 49
\BOOKMARK [3][-]{subsubsection*.71}{\376\377\000N\000o\000t\000e\000s}{subsection.2.8}% 50
\BOOKMARK [2][-]{subsection.2.9}{\376\377\000A\000c\000c\000e\000s\000s\000i\000n\000g\000\040\000M\000u\000l\000t\000i\000p\000l\000e\000\040\000T\000a\000b\000l\000e\000s\000:\000\040\000J\000O\000I\000N\000\040\000O\000p\000e\000r\000a\000t\000i\000o\000n\000s}{section.2}% 51
\BOOKMARK [3][-]{subsubsection*.72}{\376\377\000I\000N\000N\000E\000R\000\040\000J\000O\000I\000N}{subsection.2.9}% 52
\BOOKMARK [3][-]{subsubsection*.73}{\376\377\000C\000R\000O\000S\000S\000\040\000J\000O\000I\000N}{subsection.2.9}% 53
\BOOKMARK [3][-]{subsubsection*.74}{\376\377\000L\000E\000F\000T\000\040\000\050\000O\000U\000T\000E\000R\000\051\000\040\000J\000O\000I\000N}{subsection.2.9}% 54
\BOOKMARK [3][-]{subsubsection*.75}{\376\377\000R\000I\000G\000H\000T\000\040\000\050\000O\000U\000T\000E\000R\000\051\000\040\000J\000O\000I\000N}{subsection.2.9}% 55
\BOOKMARK [3][-]{subsubsection*.76}{\376\377\000F\000U\000L\000L\000\040\000\050\000O\000U\000T\000E\000R\000\051\000\040\000J\000O\000I\000N}{subsection.2.9}% 56
\BOOKMARK [3][-]{subsubsection*.77}{\376\377\000S\000E\000L\000F\000\040\000J\000O\000I\000N}{subsection.2.9}% 57
\BOOKMARK [3][-]{subsubsection*.78}{\376\377\000N\000A\000T\000U\000R\000A\000L\000\040\000J\000O\000I\000N}{subsection.2.9}% 58
\BOOKMARK [3][-]{subsubsection*.79}{\376\377\000S\000u\000m\000m\000a\000r\000y\000\040\000o\000f\000\040\000J\000O\000I\000N\000\040\000T\000y\000p\000e\000s}{subsection.2.9}% 59
\BOOKMARK [1][-]{section.3}{\376\377\000T\000y\000p\000e\000s\000\040\000o\000f\000\040\000S\000Q\000L\000\040\000S\000t\000a\000t\000e\000m\000e\000n\000t\000s\000\040\000a\000n\000d\000\040\000D\000D\000L}{}% 60
\BOOKMARK [2][-]{subsection.3.1}{\376\377\000D\000a\000t\000a\000b\000a\000s\000e\000\040\000M\000o\000d\000e\000l\000s\000\040\000a\000n\000d\000\040\000D\000e\000s\000i\000g\000n}{section.3}% 61
\BOOKMARK [3][-]{subsubsection*.80}{\376\377\000T\000h\000e\000\040\000R\000e\000l\000a\000t\000i\000o\000n\000a\000l\000\040\000M\000o\000d\000e\000l}{subsection.3.1}% 62
\BOOKMARK [3][-]{subsubsection*.81}{\376\377\000E\000n\000t\000i\000t\000y\000-\000R\000e\000l\000a\000t\000i\000o\000n\000s\000h\000i\000p\000\040\000\050\000E\000R\000\051\000\040\000M\000o\000d\000e\000l}{subsection.3.1}% 63
\BOOKMARK [3][-]{subsubsection*.82}{\376\377\000M\000a\000p\000p\000i\000n\000g\000\040\000E\000n\000t\000i\000t\000i\000e\000s\000\040\000t\000o\000\040\000T\000a\000b\000l\000e\000s}{subsection.3.1}% 64
\BOOKMARK [3][-]{subsubsection*.83}{\376\377\000P\000r\000i\000m\000a\000r\000y\000\040\000a\000n\000d\000\040\000F\000o\000r\000e\000i\000g\000n\000\040\000K\000e\000y\000s}{subsection.3.1}% 65
\BOOKMARK [2][-]{subsection.3.2}{\376\377\000R\000e\000l\000a\000t\000i\000o\000n\000a\000l\000\040\000M\000o\000d\000e\000l\000\040\000C\000o\000n\000s\000t\000r\000a\000i\000n\000t\000s}{section.3}% 66
\BOOKMARK [2][-]{subsection.3.3}{\376\377\000C\000a\000t\000e\000g\000o\000r\000i\000e\000s\000\040\000o\000f\000\040\000S\000Q\000L\000\040\000S\000t\000a\000t\000e\000m\000e\000n\000t\000s}{section.3}% 67
\BOOKMARK [3][-]{subsubsection*.84}{\376\377\000D\000a\000t\000a\000\040\000D\000e\000f\000i\000n\000i\000t\000i\000o\000n\000\040\000L\000a\000n\000g\000u\000a\000g\000e\000\040\000\050\000D\000D\000L\000\051}{subsection.3.3}% 68
\BOOKMARK [3][-]{subsubsection*.85}{\376\377\000D\000a\000t\000a\000\040\000M\000a\000n\000i\000p\000u\000l\000a\000t\000i\000o\000n\000\040\000L\000a\000n\000g\000u\000a\000g\000e\000\040\000\050\000D\000M\000L\000\051}{subsection.3.3}% 69
\BOOKMARK [2][-]{subsection.3.4}{\376\377\000T\000h\000e\000\040\000C\000R\000E\000A\000T\000E\000\040\000T\000A\000B\000L\000E\000\040\000S\000t\000a\000t\000e\000m\000e\000n\000t}{section.3}% 70
\BOOKMARK [3][-]{subsubsection*.86}{\376\377\000G\000e\000n\000e\000r\000a\000l\000\040\000S\000y\000n\000t\000a\000x}{subsection.3.4}% 71
\BOOKMARK [3][-]{subsubsection*.87}{\376\377\000D\000a\000t\000a\000\040\000T\000y\000p\000e\000s\000\040\000a\000n\000d\000\040\000C\000o\000n\000s\000t\000r\000a\000i\000n\000t\000s}{subsection.3.4}% 72
\BOOKMARK [3][-]{subsubsection*.88}{\376\377\000E\000x\000a\000m\000p\000l\000e\000:\000\040\000C\000r\000e\000a\000t\000i\000n\000g\000\040\000a\000n\000\040\000A\000u\000t\000h\000o\000r\000\040\000T\000a\000b\000l\000e}{subsection.3.4}% 73
\BOOKMARK [2][-]{subsection.3.5}{\376\377\000M\000o\000d\000i\000f\000y\000i\000n\000g\000\040\000a\000n\000d\000\040\000D\000e\000l\000e\000t\000i\000n\000g\000\040\000T\000a\000b\000l\000e\000s\000\040\000\050\000A\000L\000T\000E\000R\000,\000\040\000D\000R\000O\000P\000,\000\040\000T\000R\000U\000N\000C\000A\000T\000E\000\051}{section.3}% 74
\BOOKMARK [3][-]{subsubsection*.89}{\376\377\000A\000L\000T\000E\000R\000\040\000T\000A\000B\000L\000E\000\040\000S\000t\000a\000t\000e\000m\000e\000n\000t}{subsection.3.5}% 75
\BOOKMARK [3][-]{subsubsection*.90}{\376\377\000D\000R\000O\000P\000\040\000T\000A\000B\000L\000E\000\040\000S\000t\000a\000t\000e\000m\000e\000n\000t}{subsection.3.5}% 76
\BOOKMARK [3][-]{subsubsection*.92}{\376\377\000T\000R\000U\000N\000C\000A\000T\000E\000\040\000T\000A\000B\000L\000E\000\040\000S\000t\000a\000t\000e\000m\000e\000n\000t}{subsection.3.5}% 77
\BOOKMARK [1][-]{section.4}{\376\377\000A\000c\000c\000e\000s\000s\000i\000n\000g\000\040\000D\000a\000t\000a\000B\000a\000s\000e\000s\000\040\000U\000s\000i\000n\000g\000\040\000P\000y\000t\000h\000o\000n}{}% 78
\BOOKMARK [2][-]{subsection.4.1}{\376\377\000W\000h\000y\000\040\000U\000s\000e\000\040\000P\000y\000t\000h\000o\000n\000\040\000w\000i\000t\000h\000\040\000D\000a\000t\000a\000b\000a\000s\000e\000s}{section.4}% 79
\BOOKMARK [3][-]{subsubsection*.94}{\376\377\000P\000y\000t\000h\000o\000n\000\040\000D\000a\000t\000a\000b\000a\000s\000e\000\040\000A\000P\000I\000\040\000\050\000D\000B\000-\000A\000P\000I\000\051}{subsection.4.1}% 80
\BOOKMARK [3][-]{subsubsection*.95}{\376\377\000B\000a\000s\000i\000c\000\040\000W\000o\000r\000k\000f\000l\000o\000w\000\040\000o\000f\000\040\000D\000a\000t\000a\000b\000a\000s\000e\000\040\000A\000c\000c\000e\000s\000s}{subsection.4.1}% 81
\BOOKMARK [3][-]{subsubsection*.96}{\376\377\000U\000s\000i\000n\000g\000\040\000J\000u\000p\000y\000t\000e\000r\000\040\000N\000o\000t\000e\000b\000o\000o\000k\000s}{subsection.4.1}% 82
\BOOKMARK [2][-]{subsection.4.2}{\376\377\000S\000Q\000L\000\040\000A\000P\000I\000s\000\040\000a\000n\000d\000\040\000P\000r\000o\000p\000r\000i\000e\000t\000a\000r\000y\000\040\000D\000a\000t\000a\000b\000a\000s\000e\000\040\000A\000P\000I\000s}{section.4}% 83
\BOOKMARK [2][-]{subsection.4.3}{\376\377\000W\000r\000i\000t\000i\000n\000g\000\040\000C\000o\000d\000e\000\040\000U\000s\000i\000n\000g\000\040\000t\000h\000e\000\040\000P\000y\000t\000h\000o\000n\000\040\000D\000B\000-\000A\000P\000I}{section.4}% 84
\BOOKMARK [3][-]{subsubsection*.97}{\376\377\000O\000v\000e\000r\000v\000i\000e\000w\000\040\000o\000f\000\040\000t\000h\000e\000\040\000P\000y\000t\000h\000o\000n\000\040\000D\000B\000-\000A\000P\000I}{subsection.4.3}% 85
\BOOKMARK [3][-]{subsubsection*.98}{\376\377\000C\000o\000m\000m\000o\000n\000\040\000D\000B\000-\000A\000P\000I\000\040\000I\000m\000p\000l\000e\000m\000e\000n\000t\000a\000t\000i\000o\000n\000s}{subsection.4.3}% 86
\BOOKMARK [3][-]{subsubsection*.99}{\376\377\000C\000o\000r\000e\000\040\000D\000B\000-\000A\000P\000I\000\040\000C\000o\000n\000c\000e\000p\000t\000s}{subsection.4.3}% 87
\BOOKMARK [3][-]{subsubsection*.102}{\376\377\000D\000a\000t\000a\000b\000a\000s\000e\000\040\000C\000u\000r\000s\000o\000r\000s}{subsection.4.3}% 88
\BOOKMARK [3][-]{subsubsection*.103}{\376\377\000T\000y\000p\000i\000c\000a\000l\000\040\000D\000B\000-\000A\000P\000I\000\040\000W\000o\000r\000k\000f\000l\000o\000w}{subsection.4.3}% 89
\BOOKMARK [3][-]{subsubsection*.104}{\376\377\000D\000B\000-\000A\000P\000I\000\040\000U\000s\000a\000g\000e\000\040\000E\000x\000a\000m\000p\000l\000e\000s}{subsection.4.3}% 90
\BOOKMARK [2][-]{subsection.4.4}{\376\377\000A\000c\000c\000e\000s\000s\000i\000n\000g\000\040\000D\000a\000t\000a\000b\000a\000s\000e\000s\000\040\000U\000s\000i\000n\000g\000\040\000S\000Q\000L\000\040\000M\000a\000g\000i\000c}{section.4}% 91
\BOOKMARK [3][-]{subsubsection*.111}{\376\377\000M\000a\000g\000i\000c\000\040\000S\000t\000a\000t\000e\000m\000e\000n\000t\000s\000\040\000i\000n\000\040\000J\000u\000p\000y\000t\000e\000r\000\040\000N\000o\000t\000e\000b\000o\000o\000k\000s}{subsection.4.4}% 92
\BOOKMARK [3][-]{subsubsection*.112}{\376\377\000C\000o\000m\000m\000o\000n\000l\000y\000\040\000U\000s\000e\000d\000\040\000L\000i\000n\000e\000\040\000M\000a\000g\000i\000c\000s}{subsection.4.4}% 93
\BOOKMARK [3][-]{subsubsection*.113}{\376\377\000C\000e\000l\000l\000\040\000M\000a\000g\000i\000c\000s\000\040\000a\000n\000d\000\040\000M\000u\000l\000t\000i\000-\000l\000a\000n\000g\000u\000a\000g\000e\000\040\000S\000u\000p\000p\000o\000r\000t}{subsection.4.4}% 94
\BOOKMARK [3][-]{subsubsection*.114}{\376\377\000U\000s\000i\000n\000g\000\040\000S\000Q\000L\000\040\000M\000a\000g\000i\000c\000\040\000i\000n\000\040\000J\000u\000p\000y\000t\000e\000r\000\040\000N\000o\000t\000e\000b\000o\000o\000k\000s}{subsection.4.4}% 95
\BOOKMARK [3][-]{subsubsection*.117}{\376\377\000S\000Q\000L\000\040\000M\000a\000g\000i\000c\000\040\000U\000s\000a\000g\000e\000\040\000E\000x\000a\000m\000p\000l\000e\000s}{subsection.4.4}% 96
\BOOKMARK [2][-]{subsection.4.5}{\376\377\000A\000n\000a\000l\000y\000z\000i\000n\000g\000\040\000D\000a\000t\000a\000\040\000w\000i\000t\000h\000\040\000P\000y\000t\000h\000o\000n}{section.4}% 97
\BOOKMARK [2][-]{subsection.4.6}{\376\377\000L\000o\000a\000d\000i\000n\000g\000\040\000a\000n\000d\000\040\000S\000t\000o\000r\000i\000n\000g\000\040\000t\000h\000e\000\040\000D\000a\000t\000a\000s\000e\000t}{section.4}% 98
\BOOKMARK [3][-]{subsubsection*.123}{\376\377\000R\000e\000t\000r\000i\000e\000v\000i\000n\000g\000\040\000D\000a\000t\000a\000\040\000f\000r\000o\000m\000\040\000t\000h\000e\000\040\000D\000a\000t\000a\000b\000a\000s\000e}{subsection.4.6}% 99
\BOOKMARK [3][-]{subsubsection*.124}{\376\377\000E\000x\000p\000l\000o\000r\000a\000t\000o\000r\000y\000\040\000D\000a\000t\000a\000\040\000A\000n\000a\000l\000y\000s\000i\000s\000\040\000w\000i\000t\000h\000\040\000P\000a\000n\000d\000a\000s}{subsection.4.6}% 100
\BOOKMARK [3][-]{subsubsection*.125}{\376\377\000A\000n\000a\000l\000y\000z\000i\000n\000g\000\040\000S\000o\000d\000i\000u\000m\000\040\000C\000o\000n\000t\000e\000n\000t}{subsection.4.6}% 101
\BOOKMARK [3][-]{subsubsection*.128}{\376\377\000V\000i\000s\000u\000a\000l\000i\000z\000i\000n\000g\000\040\000S\000o\000d\000i\000u\000m\000\040\000w\000i\000t\000h\000\040\000S\000e\000a\000b\000o\000r\000n}{subsection.4.6}% 102
\BOOKMARK [3][-]{subsubsection*.129}{\376\377\000R\000e\000l\000a\000t\000i\000o\000n\000s\000h\000i\000p\000\040\000B\000e\000t\000w\000e\000e\000n\000\040\000P\000r\000o\000t\000e\000i\000n\000\040\000a\000n\000d\000\040\000T\000o\000t\000a\000l\000\040\000F\000a\000t}{subsection.4.6}% 103
\BOOKMARK [3][-]{subsubsection*.130}{\376\377\000B\000o\000x\000\040\000P\000l\000o\000t\000\040\000A\000n\000a\000l\000y\000s\000i\000s\000\040\000f\000o\000r\000\040\000S\000u\000g\000a\000r\000\040\000C\000o\000n\000t\000e\000n\000t}{subsection.4.6}% 104
\BOOKMARK [3][-]{subsubsection*.131}{\376\377\000S\000u\000m\000m\000a\000r\000y}{subsection.4.6}% 105
